<?xml version="1.0" encoding="UTF-8" ?>
<testsuite tests="2" failures="0" name="testRunner.TestRunner" time="1.327" errors="2" skipped="0">
  <properties>
    <property name="java.vendor" value="Oracle Corporation"/>
    <property name="JOB_NAME" value="CucumberFramework"/>
    <property name="sun.java.launcher" value="SUN_STANDARD"/>
    <property name="NUMBER_OF_PROCESSORS" value="4"/>
    <property name="sun.management.compiler" value="HotSpot 64-Bit Tiered Compilers"/>
    <property name="JENKINS_HOME" value="C:\Users\ROHIT\.jenkins"/>
    <property name="HUDSON_SERVER_COOKIE" value="e31ff15c448b2bd6"/>
    <property name="POM_ARTIFACTID" value="maven-test"/>
    <property name="os.name" value="Windows 7"/>
    <property name="sun.boot.class.path" value="C:\Program Files\Java\jdk1.8.0_121\jre\lib\resources.jar;C:\Program Files\Java\jdk1.8.0_121\jre\lib\rt.jar;C:\Program Files\Java\jdk1.8.0_121\jre\lib\sunrsasign.jar;C:\Program Files\Java\jdk1.8.0_121\jre\lib\jsse.jar;C:\Program Files\Java\jdk1.8.0_121\jre\lib\jce.jar;C:\Program Files\Java\jdk1.8.0_121\jre\lib\charsets.jar;C:\Program Files\Java\jdk1.8.0_121\jre\lib\jfr.jar;C:\Program Files\Java\jdk1.8.0_121\jre\classes"/>
    <property name="EXECUTOR_NUMBER" value="0"/>
    <property name="sun.desktop" value="windows"/>
    <property name="PATHEXT" value=".COM;.EXE;.BAT;.CMD;.VBS;.VBE;.JS;.JSE;.WSF;.WSH;.MSC"/>
    <property name="java.vm.specification.vendor" value="Oracle Corporation"/>
    <property name="POM_DISPLAYNAME" value="MavenProject"/>
    <property name="NODE_LABELS" value="master"/>
    <property name="TEMP" value="C:\Users\ROHIT\AppData\Local\Temp"/>
    <property name="java.runtime.version" value="1.8.0_121-b13"/>
    <property name="user.name" value="ROHIT"/>
    <property name="guice.disable.misplaced.annotation.check" value="true"/>
    <property name="CommonProgramW6432" value="C:\Program Files\Common Files"/>
    <property name="ProgramFiles" value="C:\Program Files"/>
    <property name="PROMPT" value="$P$G"/>
    <property name="user.language" value="en"/>
    <property name="JOB_BASE_NAME" value="CucumberFramework"/>
    <property name="RUN_CHANGES_DISPLAY_URL" value="http://localhost:8080/job/CucumberFramework/5/display/redirect?page=changes"/>
    <property name="M2" value="C:\Program Files\Apache Software Foundation\apache-maven-3.5.3\bin"/>
    <property name="BUILD_DISPLAY_NAME" value="#5"/>
    <property name="sun.boot.library.path" value="C:\Program Files\Java\jdk1.8.0_121\jre\bin"/>
    <property name="GIT_PREVIOUS_SUCCESSFUL_COMMIT" value="58f25b0e4f02aaed20d73b0d227e3bc181f28d12"/>
    <property name="LOCALAPPDATA" value="C:\Users\ROHIT\AppData\Local"/>
    <property name="java.version" value="1.8.0_121"/>
    <property name="PROCESSOR_LEVEL" value="6"/>
    <property name="user.timezone" value="Asia/Calcutta"/>
    <property name="USERNAME" value="ROHIT"/>
    <property name="sun.arch.data.model" value="64"/>
    <property name="NODE_NAME" value="master"/>
    <property name="java.endorsed.dirs" value="C:\Program Files\Java\jdk1.8.0_121\jre\lib\endorsed"/>
    <property name="BUILD_ID" value="5"/>
    <property name="sun.cpu.isalist" value="amd64"/>
    <property name="sun.jnu.encoding" value="Cp1252"/>
    <property name="file.encoding.pkg" value="sun.io"/>
    <property name="file.separator" value="\"/>
    <property name="java.specification.name" value="Java Platform API Specification"/>
    <property name="HOMEDRIVE" value="C:"/>
    <property name="maven.conf" value="C:\Program Files\Apache Software Foundation\apache-maven-3.5.3\conf"/>
    <property name="java.class.version" value="52.0"/>
    <property name="=::" value="::\"/>
    <property name="org.slf4j.simpleLogger.defaultLogLevel" value="info"/>
    <property name="user.country" value="US"/>
    <property name="ALLUSERSPROFILE" value="C:\ProgramData"/>
    <property name="java.home" value="C:\Program Files\Java\jdk1.8.0_121\jre"/>
    <property name="java.vm.info" value="mixed mode"/>
    <property name="os.version" value="6.1"/>
    <property name="=ExitCode" value="00000001"/>
    <property name="RUN_DISPLAY_URL" value="http://localhost:8080/job/CucumberFramework/5/display/redirect"/>
    <property name="POM_VERSION" value="0.0.1-SNAPSHOT"/>
    <property name="configsetroot" value="C:\Windows\ConfigSetRoot"/>
    <property name="TMP" value="C:\Users\ROHIT\AppData\Local\Temp"/>
    <property name="path.separator" value=";"/>
    <property name="java.vm.version" value="25.121-b13"/>
    <property name="user.variant" value=""/>
    <property name="GIT_PREVIOUS_COMMIT" value="58f25b0e4f02aaed20d73b0d227e3bc181f28d12"/>
    <property name="JOB_DISPLAY_URL" value="http://localhost:8080/job/CucumberFramework/display/redirect"/>
    <property name="CommonProgramFiles(x86)" value="C:\Program Files (x86)\Common Files"/>
    <property name="java.awt.printerjob" value="sun.awt.windows.WPrinterJob"/>
    <property name="FP_NO_HOST_CHECK" value="NO"/>
    <property name="JAVA_HOME" value="C:\Program Files\Java\jdk1.8.0_121"/>
    <property name="sun.io.unicode.encoding" value="UnicodeLittle"/>
    <property name="CommonProgramFiles" value="C:\Program Files\Common Files"/>
    <property name="ComSpec" value="C:\Windows\system32\cmd.exe"/>
    <property name="awt.toolkit" value="sun.awt.windows.WToolkit"/>
    <property name="HOMEPATH" value="\Users\ROHIT"/>
    <property name="POM_PACKAGING" value="jar"/>
    <property name="asl.log" value="Destination=file"/>
    <property name="user.script" value=""/>
    <property name="COMPUTERNAME" value="ROHIT-VAIO"/>
    <property name="POM_GROUPID" value="com-codebind"/>
    <property name="user.home" value="C:\Users\ROHIT"/>
    <property name="PUBLIC" value="C:\Users\Public"/>
    <property name="BUILD_TAG" value="jenkins-CucumberFramework-5"/>
    <property name="JENKINS_SERVER_COOKIE" value="e31ff15c448b2bd6"/>
    <property name="HUDSON_URL" value="http://localhost:8080/"/>
    <property name="ProgramData" value="C:\ProgramData"/>
    <property name="java.specification.vendor" value="Oracle Corporation"/>
    <property name="USERPROFILE" value="C:\Users\ROHIT"/>
    <property name="CLASSPATH" value=""/>
    <property name="java.vendor.url" value="http://java.oracle.com/"/>
    <property name="java.library.path" value="C:\Program Files\Java\jdk1.8.0_121\bin;C:\Windows\Sun\Java\bin;C:\Windows\system32;C:\Windows;C:\Program Files\Apache Software Foundation\apache-maven-3.5.3/bin;C:\Program Files\Java\jdk1.8.0_121/bin;C:\Program Files\Java\jdk1.8.0_121/bin;C:\Program Files\Java\jdk1.8.0_121\jre\bin;C:\Program Files\Java\jdk1.8.0_121\bin;C:\Program Files (x86)\Skype\Phone\;C:\Program Files\Git\cmd;C:\Program Files\Git\mingw64\bin;C:\Program Files\Git\usr\bin;C:\Program Files\Apache Software Foundation\apache-maven-3.5.3\bin;."/>
    <property name="java.vm.vendor" value="Oracle Corporation"/>
    <property name="APPDATA" value="C:\Users\ROHIT\AppData\Roaming"/>
    <property name="java.runtime.name" value="Java(TM) SE Runtime Environment"/>
    <property name="maven.home" value="C:\Program Files\Apache Software Foundation\apache-maven-3.5.3"/>
    <property name="java.class.path" value="C:\Users\ROHIT\.jenkins\plugins\maven-plugin\WEB-INF\lib\maven35-agent-1.12-alpha-1.jar;C:\Program Files\Apache Software Foundation\apache-maven-3.5.3\boot\plexus-classworlds-2.5.2.jar;C:\Program Files\Apache Software Foundation\apache-maven-3.5.3/conf/logging"/>
    <property name="sun.java.command" value="jenkins.maven3.agent.Maven35Main C:\Program Files\Apache Software Foundation\apache-maven-3.5.3 C:\Users\ROHIT\.jenkins\war\WEB-INF\lib\remoting-3.17.jar C:\Users\ROHIT\.jenkins\plugins\maven-plugin\WEB-INF\lib\maven35-interceptor-1.12-alpha-1.jar C:\Users\ROHIT\.jenkins\plugins\maven-plugin\WEB-INF\lib\maven3-interceptor-commons-1.12-alpha-1.jar 50650"/>
    <property name="Path" value="C:\Program Files\Java\jdk1.8.0_121/bin;C:\Program Files\Java\jdk1.8.0_121\jre\bin;C:\Program Files\Java\jdk1.8.0_121\bin;C:\Program Files (x86)\Skype\Phone\;C:\Program Files\Git\cmd;C:\Program Files\Git\mingw64\bin;C:\Program Files\Git\usr\bin;C:\Program Files\Apache Software Foundation\apache-maven-3.5.3\bin"/>
    <property name="java.vm.specification.name" value="Java Virtual Machine Specification"/>
    <property name="PROCESSOR_ARCHITECTURE" value="AMD64"/>
    <property name="PATH+JDK" value="C:\Program Files\Java\jdk1.8.0_121/bin"/>
    <property name="PROCESSOR_IDENTIFIER" value="Intel64 Family 6 Model 37 Stepping 5, GenuineIntel"/>
    <property name="SESSIONNAME" value="Console"/>
    <property name="java.vm.specification.version" value="1.8"/>
    <property name="sun.os.patch.level" value="Service Pack 1"/>
    <property name="sun.cpu.endian" value="little"/>
    <property name="M2_HOME" value="C:\Program Files\Apache Software Foundation\apache-maven-3.5.3"/>
    <property name="java.io.tmpdir" value="C:\Users\ROHIT\AppData\Local\Temp\"/>
    <property name="OS" value="Windows_NT"/>
    <property name="HUDSON_HOME" value="C:\Users\ROHIT\.jenkins"/>
    <property name="PATH+MAVEN" value="C:\Program Files\Apache Software Foundation\apache-maven-3.5.3/bin"/>
    <property name="ProgramFiles(x86)" value="C:\Program Files (x86)"/>
    <property name="BUILD_URL" value="http://localhost:8080/job/CucumberFramework/5/"/>
    <property name="java.vendor.url.bug" value="http://bugreport.sun.com/bugreport/"/>
    <property name="java.awt.graphicsenv" value="sun.awt.Win32GraphicsEnvironment"/>
    <property name="os.arch" value="amd64"/>
    <property name="SystemRoot" value="C:\Windows"/>
    <property name="java.ext.dirs" value="C:\Program Files\Java\jdk1.8.0_121\jre\lib\ext;C:\Windows\Sun\Java\lib\ext"/>
    <property name="user.dir" value="E:\git\MyProjectFilesStore\maven-test"/>
    <property name="JOB_URL" value="http://localhost:8080/job/CucumberFramework/"/>
    <property name="LOGONSERVER" value="\\ROHIT-VAIO"/>
    <property name="USERDOMAIN" value="ROHIT-VAIO"/>
    <property name="line.separator" value="
"/>
    <property name="MAVEN_HOME" value="C:\Program Files\Apache Software Foundation\apache-maven-3.5.3"/>
    <property name="java.vm.name" value="Java HotSpot(TM) 64-Bit Server VM"/>
    <property name="BUILD_NUMBER" value="5"/>
    <property name="JENKINS_URL" value="http://localhost:8080/"/>
    <property name="PROCESSOR_REVISION" value="2505"/>
    <property name="GIT_BRANCH" value="origin/master"/>
    <property name="ProgramW6432" value="C:\Program Files"/>
    <property name="windir" value="C:\Windows"/>
    <property name="GIT_COMMIT" value="3b8b6d4ed1d6dfbe9656ae6cafee1ad0af27c0b0"/>
    <property name="=C:" value="C:\Users\ROHIT"/>
    <property name="file.encoding" value="Cp1252"/>
    <property name="SystemDrive" value="C:"/>
    <property name="maven3.interceptor" value="C:\Users\ROHIT\.jenkins\plugins\maven-plugin\WEB-INF\lib\maven35-interceptor-1.12-alpha-1.jar"/>
    <property name="WORKSPACE" value="C:\Users\ROHIT\.jenkins\workspace\CucumberFramework"/>
    <property name="maven3.interceptor.common" value="C:\Users\ROHIT\.jenkins\plugins\maven-plugin\WEB-INF\lib\maven3-interceptor-commons-1.12-alpha-1.jar"/>
    <property name="java.specification.version" value="1.8"/>
    <property name="PSModulePath" value="C:\Windows\system32\WindowsPowerShell\v1.0\Modules\"/>
    <property name="GIT_URL" value="https://github.com/rubynrohit/MyProjectFilesStore.git"/>
  </properties>
  <testcase classname="testRunner.TestRunner" name="testRunner.TestRunner" time="0.662">
    <error message="Couldn&apos;t load plugin class: target/cucumber-reports" type="cucumber.runtime.CucumberException">cucumber.runtime.CucumberException: Couldn&apos;t load plugin class: target/cucumber-reports
	at cucumber.runtime.formatter.PluginFactory.loadClass(PluginFactory.java:166)
	at cucumber.runtime.formatter.PluginFactory.pluginClass(PluginFactory.java:156)
	at cucumber.runtime.formatter.PluginFactory.create(PluginFactory.java:76)
	at cucumber.runtime.RuntimeOptions.getPlugins(RuntimeOptions.java:207)
	at cucumber.runtime.RuntimeOptions$1.invoke(RuntimeOptions.java:241)
	at com.sun.proxy.$Proxy10.uri(Unknown Source)
	at cucumber.runtime.junit.JUnitReporter.uri(JUnitReporter.java:160)
	at cucumber.runtime.junit.FeatureRunner.run(FeatureRunner.java:68)
	at cucumber.api.junit.Cucumber.runChild(Cucumber.java:93)
	at cucumber.api.junit.Cucumber.runChild(Cucumber.java:37)
	at org.junit.runners.ParentRunner$3.run(ParentRunner.java:238)
	at org.junit.runners.ParentRunner$1.schedule(ParentRunner.java:63)
	at org.junit.runners.ParentRunner.runChildren(ParentRunner.java:236)
	at org.junit.runners.ParentRunner.access$000(ParentRunner.java:53)
	at org.junit.runners.ParentRunner$2.evaluate(ParentRunner.java:229)
	at org.junit.runners.ParentRunner.run(ParentRunner.java:309)
	at cucumber.api.junit.Cucumber.run(Cucumber.java:98)
	at org.apache.maven.surefire.junit4.JUnit4Provider.execute(JUnit4Provider.java:252)
	at org.apache.maven.surefire.junit4.JUnit4Provider.executeTestSet(JUnit4Provider.java:141)
	at org.apache.maven.surefire.junit4.JUnit4Provider.invoke(JUnit4Provider.java:112)
	at sun.reflect.NativeMethodAccessorImpl.invoke0(Native Method)
	at sun.reflect.NativeMethodAccessorImpl.invoke(NativeMethodAccessorImpl.java:62)
	at sun.reflect.DelegatingMethodAccessorImpl.invoke(DelegatingMethodAccessorImpl.java:43)
	at java.lang.reflect.Method.invoke(Method.java:498)
	at org.apache.maven.surefire.util.ReflectionUtils.invokeMethodWithArray(ReflectionUtils.java:189)
	at org.apache.maven.surefire.booter.ProviderFactory$ProviderProxy.invoke(ProviderFactory.java:165)
	at org.apache.maven.surefire.booter.ProviderFactory.invokeProvider(ProviderFactory.java:85)
	at org.apache.maven.surefire.booter.ForkedBooter.runSuitesInProcess(ForkedBooter.java:115)
	at org.apache.maven.surefire.booter.ForkedBooter.main(ForkedBooter.java:75)
Caused by: java.lang.ClassNotFoundException: target/cucumber-reports
	at java.net.URLClassLoader.findClass(URLClassLoader.java:381)
	at java.lang.ClassLoader.loadClass(ClassLoader.java:424)
	at sun.misc.Launcher$AppClassLoader.loadClass(Launcher.java:331)
	at java.lang.ClassLoader.loadClass(ClassLoader.java:357)
	at cucumber.runtime.formatter.PluginFactory.loadClass(PluginFactory.java:164)
	... 28 more
</error>
  </testcase>
  <testcase classname="org.apache.maven.surefire.junit4.JUnit4Provider" name="testRunner.TestRunner" time="0.665">
    <error message="Only one formatter can use STDOUT, now both pretty and pretty use it. If you use more than one formatter you must specify output path with PLUGIN:PATH_OR_URL" type="cucumber.runtime.CucumberException">cucumber.runtime.CucumberException: Only one formatter can use STDOUT, now both pretty and pretty use it. If you use more than one formatter you must specify output path with PLUGIN:PATH_OR_URL
	at cucumber.runtime.formatter.PluginFactory.defaultOutOrFailIfAlreadyUsed(PluginFactory.java:176)
	at cucumber.runtime.formatter.PluginFactory.convertOrNull(PluginFactory.java:135)
	at cucumber.runtime.formatter.PluginFactory.instantiate(PluginFactory.java:90)
	at cucumber.runtime.formatter.PluginFactory.create(PluginFactory.java:78)
	at cucumber.runtime.RuntimeOptions.getPlugins(RuntimeOptions.java:207)
	at cucumber.runtime.RuntimeOptions$1.invoke(RuntimeOptions.java:241)
	at com.sun.proxy.$Proxy10.done(Unknown Source)
	at cucumber.runtime.junit.JUnitReporter.done(JUnitReporter.java:208)
	at cucumber.api.junit.Cucumber.run(Cucumber.java:99)
	at org.apache.maven.surefire.junit4.JUnit4Provider.execute(JUnit4Provider.java:252)
	at org.apache.maven.surefire.junit4.JUnit4Provider.executeTestSet(JUnit4Provider.java:141)
	at org.apache.maven.surefire.junit4.JUnit4Provider.invoke(JUnit4Provider.java:112)
	at sun.reflect.NativeMethodAccessorImpl.invoke0(Native Method)
	at sun.reflect.NativeMethodAccessorImpl.invoke(NativeMethodAccessorImpl.java:62)
	at sun.reflect.DelegatingMethodAccessorImpl.invoke(DelegatingMethodAccessorImpl.java:43)
	at java.lang.reflect.Method.invoke(Method.java:498)
	at org.apache.maven.surefire.util.ReflectionUtils.invokeMethodWithArray(ReflectionUtils.java:189)
	at org.apache.maven.surefire.booter.ProviderFactory$ProviderProxy.invoke(ProviderFactory.java:165)
	at org.apache.maven.surefire.booter.ProviderFactory.invokeProvider(ProviderFactory.java:85)
	at org.apache.maven.surefire.booter.ForkedBooter.runSuitesInProcess(ForkedBooter.java:115)
	at org.apache.maven.surefire.booter.ForkedBooter.main(ForkedBooter.java:75)
</error>
  </testcase>
</testsuite>